Step10:_state:load -> 0x7ffe84dd0650
Step10:_state:load -> 0x7ffe84dd03c0
Step10:<>awaiter0:store -> 0x7ffe84dd03d0
Step10:_state:store -> 0x7ffe84dd03c0
Step10:<>awaiter0:addr -> 0x7ffe84dd03d0
Step10:<>awaiter0:store -> 0x7ffe84dd0660
Step10:_state:store -> 0x7ffe84dd0650
Step10:<>awaiter0:addr -> 0x7ffe84dd0660
Step10:_state:load -> 0x7f916a813048
Step10:_state:load -> 0x7f916a813048
Step10:_state:store -> 0x7f916a813048
Step10:<>awaiter0:load -> 0x7f916a813058
Step10:<>awaiter0:store -> 0x7f916a813058
Step10:_state:store -> 0x7f916a813048
Step10:_state:load -> 0x7f916a813118
Step10:_state:load -> 0x7f916a813118
Step10:_state:store -> 0x7f916a813118
Step10:<>awaiter0:load -> 0x7f916a813128
Step10:<>awaiter0:store -> 0x7f916a813128
42
Step10:_state:store -> 0x7f916a813118
